<?xml version="1.0" encoding="UTF-8"?>
<!-- Generated by org.testng.reporters.JUnitReportReporter -->
<testsuite skipped="2" hostname="DESKTOP-LAD8U54" name="org.testing.TestNgOrder" tests="5" failures="0" timestamp="10 Dec 2021 10:33:39 GMT" time="60.338" errors="0">
  <testcase name="tc3" time="3.515" classname="org.testing.TestNgOrder"/>
  <testcase name="tc3" time="27.410" classname="org.testing.TestNgOrder"/>
  <testcase name="tc3" time="29.413" classname="org.testing.TestNgOrder"/>
  <testcase name="tc2" classname="org.testing.TestNgOrder">
    <skipped/>
  </testcase> <!-- tc2 -->
  <testcase name="tc1" classname="org.testing.TestNgOrder">
    <skipped/>
  </testcase> <!-- tc1 -->
</testsuite> <!-- org.testing.TestNgOrder -->
